# JRE version: Java(TM) SE Runtime Environment (7.0_80-b15) (build 1.7.0_80-b15)
# Java VM: Java HotSpot(TM) 64-Bit Server VM (24.80-b11 mixed mode linux-amd64 compressed oops)
Heap
 PSYoungGen      total 64000K, used 23467K [0x00000000f5500000, 0x00000000fa680000, 0x0000000100000000)
  eden space 48640K, 29% used [0x00000000f5500000,0x00000000f62eb148,0x00000000f8480000)
  from space 15360K, 59% used [0x00000000f9780000,0x00000000fa07fdb0,0x00000000fa680000)
  to   space 17408K, 0% used [0x00000000f8480000,0x00000000f8480000,0x00000000f9580000)
 ParOldGen       total 92672K, used 76777K [0x00000000e0000000, 0x00000000e5a80000, 0x00000000f5500000)
  object space 92672K, 82% used [0x00000000e0000000,0x00000000e4afa6f0,0x00000000e5a80000)
 PSPermGen       total 137216K, used 96345K [0x00000000d0000000, 0x00000000d8600000, 0x00000000e0000000)
  object space 137216K, 70% used [0x00000000d0000000,0x00000000d5e16690,0x00000000d8600000)
GC Heap History (10 events):
Event: 1256.038 GC heap before
{Heap before GC invocations=58 (full 4):
 PSYoungGen      total 65536K, used 65179K [0x00000000f5500000, 0x00000000fb500000, 0x0000000100000000)
  eden space 56320K, 100% used [0x00000000f5500000,0x00000000f8c00000,0x00000000f8c00000)
  from space 9216K, 96% used [0x00000000f8d80000,0x00000000f9626f40,0x00000000f9680000)
  to   space 20992K, 0% used [0x00000000fa080000,0x00000000fa080000,0x00000000fb500000)
 ParOldGen       total 92672K, used 76585K [0x00000000e0000000, 0x00000000e5a80000, 0x00000000f5500000)
  object space 92672K, 82% used [0x00000000e0000000,0x00000000e4aca6f0,0x00000000e5a80000)
 PSPermGen       total 137216K, used 96258K [0x00000000d0000000, 0x00000000d8600000, 0x00000000e0000000)
  object space 137216K, 70% used [0x00000000d0000000,0x00000000d5e00878,0x00000000d8600000)
Event: 1256.064 GC heap after
Heap after GC invocations=58 (full 4):
 PSYoungGen      total 72192K, used 10579K [0x00000000f5500000, 0x00000000fb180000, 0x0000000100000000)
  eden space 54784K, 0% used [0x00000000f5500000,0x00000000f5500000,0x00000000f8a80000)
  from space 17408K, 60% used [0x00000000fa080000,0x00000000faad4ff8,0x00000000fb180000)
  to   space 19968K, 0% used [0x00000000f8a80000,0x00000000f8a80000,0x00000000f9e00000)
 ParOldGen       total 92672K, used 76625K [0x00000000e0000000, 0x00000000e5a80000, 0x00000000f5500000)
  object space 92672K, 82% used [0x00000000e0000000,0x00000000e4ad46f0,0x00000000e5a80000)
 PSPermGen       total 137216K, used 96258K [0x00000000d0000000, 0x00000000d8600000, 0x00000000e0000000)
  object space 137216K, 70% used [0x00000000d0000000,0x00000000d5e00878,0x00000000d8600000)
}
Event: 1262.437 GC heap before
{Heap before GC invocations=59 (full 4):
 PSYoungGen      total 72192K, used 65363K [0x00000000f5500000, 0x00000000fb180000, 0x0000000100000000)
  eden space 54784K, 100% used [0x00000000f5500000,0x00000000f8a80000,0x00000000f8a80000)
  from space 17408K, 60% used [0x00000000fa080000,0x00000000faad4ff8,0x00000000fb180000)
  to   space 19968K, 0% used [0x00000000f8a80000,0x00000000f8a80000,0x00000000f9e00000)
 ParOldGen       total 92672K, used 76625K [0x00000000e0000000, 0x00000000e5a80000, 0x00000000f5500000)
  object space 92672K, 82% used [0x00000000e0000000,0x00000000e4ad46f0,0x00000000e5a80000)
 PSPermGen       total 137216K, used 96263K [0x00000000d0000000, 0x00000000d8600000, 0x00000000e0000000)
  object space 137216K, 70% used [0x00000000d0000000,0x00000000d5e01f48,0x00000000d8600000)
Event: 1262.460 GC heap after
Heap after GC invocations=59 (full 4):
 PSYoungGen      total 63488K, used 10164K [0x00000000f5500000, 0x00000000faf00000, 0x0000000100000000)
  eden space 53248K, 0% used [0x00000000f5500000,0x00000000f5500000,0x00000000f8900000)
  from space 10240K, 99% used [0x00000000f8a80000,0x00000000f946d0d8,0x00000000f9480000)
  to   space 19456K, 0% used [0x00000000f9c00000,0x00000000f9c00000,0x00000000faf00000)
 ParOldGen       total 92672K, used 76657K [0x00000000e0000000, 0x00000000e5a80000, 0x00000000f5500000)
  object space 92672K, 82% used [0x00000000e0000000,0x00000000e4adc6f0,0x00000000e5a80000)
 PSPermGen       total 137216K, used 96263K [0x00000000d0000000, 0x00000000d8600000, 0x00000000e0000000)
  object space 137216K, 70% used [0x00000000d0000000,0x00000000d5e01f48,0x00000000d8600000)
}
Event: 1272.028 GC heap before
{Heap before GC invocations=60 (full 4):
 PSYoungGen      total 63488K, used 63397K [0x00000000f5500000, 0x00000000faf00000, 0x0000000100000000)
  eden space 53248K, 99% used [0x00000000f5500000,0x00000000f88fc708,0x00000000f8900000)
  from space 10240K, 99% used [0x00000000f8a80000,0x00000000f946d0d8,0x00000000f9480000)
  to   space 19456K, 0% used [0x00000000f9c00000,0x00000000f9c00000,0x00000000faf00000)
 ParOldGen       total 92672K, used 76657K [0x00000000e0000000, 0x00000000e5a80000, 0x00000000f5500000)
  object space 92672K, 82% used [0x00000000e0000000,0x00000000e4adc6f0,0x00000000e5a80000)
 PSPermGen       total 137216K, used 96289K [0x00000000d0000000, 0x00000000d8600000, 0x00000000e0000000)
  object space 137216K, 70% used [0x00000000d0000000,0x00000000d5e085f8,0x00000000d8600000)
Event: 1272.070 GC heap after
Heap after GC invocations=60 (full 4):
 PSYoungGen      total 68608K, used 9155K [0x00000000f5500000, 0x00000000fac80000, 0x0000000100000000)
  eden space 51712K, 0% used [0x00000000f5500000,0x00000000f5500000,0x00000000f8780000)
  from space 16896K, 54% used [0x00000000f9c00000,0x00000000fa4f0e10,0x00000000fac80000)
  to   space 18944K, 0% used [0x00000000f8780000,0x00000000f8780000,0x00000000f9a00000)
 ParOldGen       total 92672K, used 76713K [0x00000000e0000000, 0x00000000e5a80000, 0x00000000f5500000)
  object space 92672K, 82% used [0x00000000e0000000,0x00000000e4aea6f0,0x00000000e5a80000)
 PSPermGen       total 137216K, used 96289K [0x00000000d0000000, 0x00000000d8600000, 0x00000000e0000000)
  object space 137216K, 70% used [0x00000000d0000000,0x00000000d5e085f8,0x00000000d8600000)
}
Event: 1282.877 GC heap before
{Heap before GC invocations=61 (full 4):
 PSYoungGen      total 68608K, used 60867K [0x00000000f5500000, 0x00000000fac80000, 0x0000000100000000)
  eden space 51712K, 100% used [0x00000000f5500000,0x00000000f8780000,0x00000000f8780000)
  from space 16896K, 54% used [0x00000000f9c00000,0x00000000fa4f0e10,0x00000000fac80000)
  to   space 18944K, 0% used [0x00000000f8780000,0x00000000f8780000,0x00000000f9a00000)
 ParOldGen       total 92672K, used 76713K [0x00000000e0000000, 0x00000000e5a80000, 0x00000000f5500000)
  object space 92672K, 82% used [0x00000000e0000000,0x00000000e4aea6f0,0x00000000e5a80000)
 PSPermGen       total 137216K, used 96329K [0x00000000d0000000, 0x00000000d8600000, 0x00000000e0000000)
  object space 137216K, 70% used [0x00000000d0000000,0x00000000d5e12750,0x00000000d8600000)
Event: 1282.899 GC heap after
Heap after GC invocations=61 (full 4):
 PSYoungGen      total 59392K, used 9099K [0x00000000f5500000, 0x00000000fa900000, 0x0000000100000000)
  eden space 50176K, 0% used [0x00000000f5500000,0x00000000f5500000,0x00000000f8600000)
  from space 9216K, 98% used [0x00000000f8780000,0x00000000f9062f28,0x00000000f9080000)
  to   space 17920K, 0% used [0x00000000f9780000,0x00000000f9780000,0x00000000fa900000)
 ParOldGen       total 92672K, used 76737K [0x00000000e0000000, 0x00000000e5a80000, 0x00000000f5500000)
  object space 92672K, 82% used [0x00000000e0000000,0x00000000e4af06f0,0x00000000e5a80000)
 PSPermGen       total 137216K, used 96329K [0x00000000d0000000, 0x00000000d8600000, 0x00000000e0000000)
  object space 137216K, 70% used [0x00000000d0000000,0x00000000d5e12750,0x00000000d8600000)
}
Event: 1289.319 GC heap before
{Heap before GC invocations=62 (full 4):
 PSYoungGen      total 59392K, used 59275K [0x00000000f5500000, 0x00000000fa900000, 0x0000000100000000)
  eden space 50176K, 100% used [0x00000000f5500000,0x00000000f8600000,0x00000000f8600000)
  from space 9216K, 98% used [0x00000000f8780000,0x00000000f9062f28,0x00000000f9080000)
  to   space 17920K, 0% used [0x00000000f9780000,0x00000000f9780000,0x00000000fa900000)
 ParOldGen       total 92672K, used 76737K [0x00000000e0000000, 0x00000000e5a80000, 0x00000000f5500000)
  object space 92672K, 82% used [0x00000000e0000000,0x00000000e4af06f0,0x00000000e5a80000)
 PSPermGen       total 137216K, used 96345K [0x00000000d0000000, 0x00000000d8600000, 0x00000000e0000000)
  object space 137216K, 70% used [0x00000000d0000000,0x00000000d5e16548,0x00000000d8600000)
Event: 1289.341 GC heap after
Heap after GC invocations=62 (full 4):
 PSYoungGen      total 64000K, used 9215K [0x00000000f5500000, 0x00000000fa680000, 0x0000000100000000)
  eden space 48640K, 0% used [0x00000000f5500000,0x00000000f5500000,0x00000000f8480000)
  from space 15360K, 59% used [0x00000000f9780000,0x00000000fa07fdb0,0x00000000fa680000)
  to   space 17408K, 0% used [0x00000000f8480000,0x00000000f8480000,0x00000000f9580000)
 ParOldGen       total 92672K, used 76777K [0x00000000e0000000, 0x00000000e5a80000, 0x00000000f5500000)
  object space 92672K, 82% used [0x00000000e0000000,0x00000000e4afa6f0,0x00000000e5a80000)
 PSPermGen       total 137216K, used 96345K [0x00000000d0000000, 0x00000000d8600000, 0x00000000e0000000)
  object space 137216K, 70% used [0x00000000d0000000,0x00000000d5e16548,0x00000000d8600000)
}

